Assembler report for DE1_SOC_D8M_RTL
Fri Dec 06 14:25:03 2019
Quartus Prime Version 17.0.0 Build 595 04/25/2017 SJ Lite Edition


---------------------
; Table of Contents ;
---------------------
  1. Legal Notice
  2. Assembler Summary
  3. Assembler Settings
  4. Assembler Generated Files
  5. Assembler Device Options: C:/Users/Jiarong Qian/Documents/Course Materials/au2019/EE 371/lab6 cam/Camera Reduced 2/Camera Reduced/output_files/DE1_SOC_D8M_RTL.sof
  6. Assembler Messages



----------------
; Legal Notice ;
----------------
Copyright (C) 2017  Intel Corporation. All rights reserved.
Your use of Intel Corporation's design tools, logic functions 
and other software and tools, and its AMPP partner logic 
functions, and any output files from any of the foregoing 
(including device programming or simulation files), and any 
associated documentation or information are expressly subject 
to the terms and conditions of the Intel Program License 
Subscription Agreement, the Intel Quartus Prime License Agreement,
the Intel MegaCore Function License Agreement, or other 
applicable license agreement, including, without limitation, 
that your use is for the sole purpose of programming logic 
devices manufactured by Intel and sold by Intel or its 
authorized distributors.  Please refer to the applicable 
agreement for further details.



+---------------------------------------------------------------+
; Assembler Summary                                             ;
+-----------------------+---------------------------------------+
; Assembler Status      ; Successful - Fri Dec 06 14:25:03 2019 ;
; Revision Name         ; DE1_SOC_D8M_RTL                       ;
; Top-level Entity Name ; DE1_SOC_D8M_RTL                       ;
; Family                ; Cyclone V                             ;
; Device                ; 5CSEMA5F31C6                          ;
+-----------------------+---------------------------------------+


+----------------------------------+
; Assembler Settings               ;
+--------+---------+---------------+
; Option ; Setting ; Default Value ;
+--------+---------+---------------+


+------------------------------------------------------------------------------------------------------------------------------------------+
; Assembler Generated Files                                                                                                                ;
+------------------------------------------------------------------------------------------------------------------------------------------+
; File Name                                                                                                                                ;
+------------------------------------------------------------------------------------------------------------------------------------------+
; C:/Users/Jiarong Qian/Documents/Course Materials/au2019/EE 371/lab6 cam/Camera Reduced 2/Camera Reduced/output_files/DE1_SOC_D8M_RTL.sof ;
+------------------------------------------------------------------------------------------------------------------------------------------+


+--------------------------------------------------------------------------------------------------------------------------------------------------------------------+
; Assembler Device Options: C:/Users/Jiarong Qian/Documents/Course Materials/au2019/EE 371/lab6 cam/Camera Reduced 2/Camera Reduced/output_files/DE1_SOC_D8M_RTL.sof ;
+----------------+---------------------------------------------------------------------------------------------------------------------------------------------------+
; Option         ; Setting                                                                                                                                           ;
+----------------+---------------------------------------------------------------------------------------------------------------------------------------------------+
; JTAG usercode  ; 0x011FCC28                                                                                                                                        ;
; Checksum       ; 0x011FCC28                                                                                                                                        ;
+----------------+---------------------------------------------------------------------------------------------------------------------------------------------------+


+--------------------+
; Assembler Messages ;
+--------------------+
Info: *******************************************************************
Info: Running Quartus Prime Assembler
    Info: Version 17.0.0 Build 595 04/25/2017 SJ Lite Edition
    Info: Processing started: Fri Dec 06 14:24:53 2019
Info: Command: quartus_asm --read_settings_files=off --write_settings_files=off DE1_SOC_D8M_RTL -c DE1_SOC_D8M_RTL
Warning (18236): Number of processors has not been specified which may cause overloading on shared machines.  Set the global assignment NUM_PARALLEL_PROCESSORS in your QSF to an appropriate value for best performance.
Info (115030): Assembler is generating device programming files
Info: Quartus Prime Assembler was successful. 0 errors, 1 warning
    Info: Peak virtual memory: 4871 megabytes
    Info: Processing ended: Fri Dec 06 14:25:03 2019
    Info: Elapsed time: 00:00:10
    Info: Total CPU time (on all processors): 00:00:08


