Analysis & Synthesis report for divider
Fri Nov 01 21:54:39 2019
Quartus Prime Version 17.0.0 Build 595 04/25/2017 SJ Lite Edition


---------------------
; Table of Contents ;
---------------------
  1. Legal Notice
  2. Analysis & Synthesis Summary
  3. Analysis & Synthesis Settings
  4. Parallel Compilation
  5. Analysis & Synthesis Source Files Read
  6. Analysis & Synthesis Resource Usage Summary
  7. Analysis & Synthesis Resource Utilization by Entity
  8. State Machine - |divider|y
  9. Registers Removed During Synthesis
 10. General Register Statistics
 11. Multiplexer Restructuring Statistics (Restructuring Performed)
 12. Parameter Settings for User Entity Instance: Top-level Entity: |divider
 13. Parameter Settings for User Entity Instance: regne:RegB
 14. Parameter Settings for User Entity Instance: shiftlne:ShiftR
 15. Parameter Settings for User Entity Instance: shiftlne:ShiftA
 16. Parameter Settings for User Entity Instance: downcount:Counter
 17. Port Connectivity Checks: "downcount:Counter"
 18. Port Connectivity Checks: "muxdff:FF_R0"
 19. Post-Synthesis Netlist Statistics for Top Partition
 20. Elapsed Time Per Partition
 21. Analysis & Synthesis Messages
 22. Analysis & Synthesis Suppressed Messages



----------------
; Legal Notice ;
----------------
Copyright (C) 2017  Intel Corporation. All rights reserved.
Your use of Intel Corporation's design tools, logic functions 
and other software and tools, and its AMPP partner logic 
functions, and any output files from any of the foregoing 
(including device programming or simulation files), and any 
associated documentation or information are expressly subject 
to the terms and conditions of the Intel Program License 
Subscription Agreement, the Intel Quartus Prime License Agreement,
the Intel MegaCore Function License Agreement, or other 
applicable license agreement, including, without limitation, 
that your use is for the sole purpose of programming logic 
devices manufactured by Intel and sold by Intel or its 
authorized distributors.  Please refer to the applicable 
agreement for further details.



+-------------------------------------------------------------------------------+
; Analysis & Synthesis Summary                                                  ;
+---------------------------------+---------------------------------------------+
; Analysis & Synthesis Status     ; Successful - Fri Nov 01 21:54:39 2019       ;
; Quartus Prime Version           ; 17.0.0 Build 595 04/25/2017 SJ Lite Edition ;
; Revision Name                   ; divider                                     ;
; Top-level Entity Name           ; divider                                     ;
; Family                          ; Cyclone V                                   ;
; Logic utilization (in ALMs)     ; N/A                                         ;
; Total registers                 ; 30                                          ;
; Total pins                      ; 38                                          ;
; Total virtual pins              ; 0                                           ;
; Total block memory bits         ; 0                                           ;
; Total DSP Blocks                ; 0                                           ;
; Total HSSI RX PCSs              ; 0                                           ;
; Total HSSI PMA RX Deserializers ; 0                                           ;
; Total HSSI TX PCSs              ; 0                                           ;
; Total HSSI PMA TX Serializers   ; 0                                           ;
; Total PLLs                      ; 0                                           ;
; Total DLLs                      ; 0                                           ;
+---------------------------------+---------------------------------------------+


+---------------------------------------------------------------------------------------------------------------------------+
; Analysis & Synthesis Settings                                                                                             ;
+---------------------------------------------------------------------------------+--------------------+--------------------+
; Option                                                                          ; Setting            ; Default Value      ;
+---------------------------------------------------------------------------------+--------------------+--------------------+
; Device                                                                          ; 5CSEMA5F31C6       ;                    ;
; Top-level entity name                                                           ; divider            ; divider            ;
; Family name                                                                     ; Cyclone V          ; Cyclone V          ;
; Use smart compilation                                                           ; Off                ; Off                ;
; Enable parallel Assembler and TimeQuest Timing Analyzer during compilation      ; On                 ; On                 ;
; Enable compact report table                                                     ; Off                ; Off                ;
; Restructure Multiplexers                                                        ; Auto               ; Auto               ;
; MLAB Add Timing Constraints For Mixed-Port Feed-Through Mode Setting Don't Care ; Off                ; Off                ;
; Create Debugging Nodes for IP Cores                                             ; Off                ; Off                ;
; Preserve fewer node names                                                       ; On                 ; On                 ;
; OpenCore Plus hardware evaluation                                               ; Enable             ; Enable             ;
; Verilog Version                                                                 ; Verilog_2001       ; Verilog_2001       ;
; VHDL Version                                                                    ; VHDL_1993          ; VHDL_1993          ;
; State Machine Processing                                                        ; Auto               ; Auto               ;
; Safe State Machine                                                              ; Off                ; Off                ;
; Extract Verilog State Machines                                                  ; On                 ; On                 ;
; Extract VHDL State Machines                                                     ; On                 ; On                 ;
; Ignore Verilog initial constructs                                               ; Off                ; Off                ;
; Iteration limit for constant Verilog loops                                      ; 5000               ; 5000               ;
; Iteration limit for non-constant Verilog loops                                  ; 250                ; 250                ;
; Add Pass-Through Logic to Inferred RAMs                                         ; On                 ; On                 ;
; Infer RAMs from Raw Logic                                                       ; On                 ; On                 ;
; Parallel Synthesis                                                              ; On                 ; On                 ;
; DSP Block Balancing                                                             ; Auto               ; Auto               ;
; NOT Gate Push-Back                                                              ; On                 ; On                 ;
; Power-Up Don't Care                                                             ; On                 ; On                 ;
; Remove Redundant Logic Cells                                                    ; Off                ; Off                ;
; Remove Duplicate Registers                                                      ; On                 ; On                 ;
; Ignore CARRY Buffers                                                            ; Off                ; Off                ;
; Ignore CASCADE Buffers                                                          ; Off                ; Off                ;
; Ignore GLOBAL Buffers                                                           ; Off                ; Off                ;
; Ignore ROW GLOBAL Buffers                                                       ; Off                ; Off                ;
; Ignore LCELL Buffers                                                            ; Off                ; Off                ;
; Ignore SOFT Buffers                                                             ; On                 ; On                 ;
; Limit AHDL Integers to 32 Bits                                                  ; Off                ; Off                ;
; Optimization Technique                                                          ; Balanced           ; Balanced           ;
; Carry Chain Length                                                              ; 70                 ; 70                 ;
; Auto Carry Chains                                                               ; On                 ; On                 ;
; Auto Open-Drain Pins                                                            ; On                 ; On                 ;
; Perform WYSIWYG Primitive Resynthesis                                           ; Off                ; Off                ;
; Auto ROM Replacement                                                            ; On                 ; On                 ;
; Auto RAM Replacement                                                            ; On                 ; On                 ;
; Auto DSP Block Replacement                                                      ; On                 ; On                 ;
; Auto Shift Register Replacement                                                 ; Auto               ; Auto               ;
; Allow Shift Register Merging across Hierarchies                                 ; Auto               ; Auto               ;
; Auto Clock Enable Replacement                                                   ; On                 ; On                 ;
; Strict RAM Replacement                                                          ; Off                ; Off                ;
; Allow Synchronous Control Signals                                               ; On                 ; On                 ;
; Force Use of Synchronous Clear Signals                                          ; Off                ; Off                ;
; Auto Resource Sharing                                                           ; Off                ; Off                ;
; Allow Any RAM Size For Recognition                                              ; Off                ; Off                ;
; Allow Any ROM Size For Recognition                                              ; Off                ; Off                ;
; Allow Any Shift Register Size For Recognition                                   ; Off                ; Off                ;
; Use LogicLock Constraints during Resource Balancing                             ; On                 ; On                 ;
; Ignore translate_off and synthesis_off directives                               ; Off                ; Off                ;
; Timing-Driven Synthesis                                                         ; On                 ; On                 ;
; Report Parameter Settings                                                       ; On                 ; On                 ;
; Report Source Assignments                                                       ; On                 ; On                 ;
; Report Connectivity Checks                                                      ; On                 ; On                 ;
; Ignore Maximum Fan-Out Assignments                                              ; Off                ; Off                ;
; Synchronization Register Chain Length                                           ; 3                  ; 3                  ;
; PowerPlay Power Optimization During Synthesis                                   ; Normal compilation ; Normal compilation ;
; HDL message level                                                               ; Level2             ; Level2             ;
; Suppress Register Optimization Related Messages                                 ; Off                ; Off                ;
; Number of Removed Registers Reported in Synthesis Report                        ; 5000               ; 5000               ;
; Number of Swept Nodes Reported in Synthesis Report                              ; 5000               ; 5000               ;
; Number of Inverted Registers Reported in Synthesis Report                       ; 100                ; 100                ;
; Clock MUX Protection                                                            ; On                 ; On                 ;
; Auto Gated Clock Conversion                                                     ; Off                ; Off                ;
; Block Design Naming                                                             ; Auto               ; Auto               ;
; SDC constraint protection                                                       ; Off                ; Off                ;
; Synthesis Effort                                                                ; Auto               ; Auto               ;
; Shift Register Replacement - Allow Asynchronous Clear Signal                    ; On                 ; On                 ;
; Pre-Mapping Resynthesis Optimization                                            ; Off                ; Off                ;
; Analysis & Synthesis Message Level                                              ; Medium             ; Medium             ;
; Disable Register Merging Across Hierarchies                                     ; Auto               ; Auto               ;
; Resource Aware Inference For Block RAM                                          ; On                 ; On                 ;
; Automatic Parallel Synthesis                                                    ; On                 ; On                 ;
; Partial Reconfiguration Bitstream ID                                            ; Off                ; Off                ;
+---------------------------------------------------------------------------------+--------------------+--------------------+


+------------------------------------------+
; Parallel Compilation                     ;
+----------------------------+-------------+
; Processors                 ; Number      ;
+----------------------------+-------------+
; Number detected on machine ; 8           ;
; Maximum allowed            ; 4           ;
;                            ;             ;
; Average used               ; 1.00        ;
; Maximum used               ; 4           ;
;                            ;             ;
; Usage by Processor         ; % Time Used ;
;     Processor 1            ; 100.0%      ;
;     Processors 2-4         ;   0.0%      ;
+----------------------------+-------------+


+-------------------------------------------------------------------------------------------------------------------------------------------------------------------------------+
; Analysis & Synthesis Source Files Read                                                                                                                                        ;
+----------------------------------+-----------------+------------------------------+---------------------------------------------------------------------------------+---------+
; File Name with User-Entered Path ; Used in Netlist ; File Type                    ; File Name with Absolute Path                                                    ; Library ;
+----------------------------------+-----------------+------------------------------+---------------------------------------------------------------------------------+---------+
; shiftlne.sv                      ; yes             ; User SystemVerilog HDL File  ; C:/Users/Jiarong Qian/Documents/Course Materials/au2019/EE 371/hw4/shiftlne.sv  ;         ;
; downcount.sv                     ; yes             ; User SystemVerilog HDL File  ; C:/Users/Jiarong Qian/Documents/Course Materials/au2019/EE 371/hw4/downcount.sv ;         ;
; muxdff.sv                        ; yes             ; User SystemVerilog HDL File  ; C:/Users/Jiarong Qian/Documents/Course Materials/au2019/EE 371/hw4/muxdff.sv    ;         ;
; regne.sv                         ; yes             ; User SystemVerilog HDL File  ; C:/Users/Jiarong Qian/Documents/Course Materials/au2019/EE 371/hw4/regne.sv     ;         ;
; divider.sv                       ; yes             ; User SystemVerilog HDL File  ; C:/Users/Jiarong Qian/Documents/Course Materials/au2019/EE 371/hw4/divider.sv   ;         ;
+----------------------------------+-----------------+------------------------------+---------------------------------------------------------------------------------+---------+


+-----------------------------------------------------------+
; Analysis & Synthesis Resource Usage Summary               ;
+---------------------------------------------+-------------+
; Resource                                    ; Usage       ;
+---------------------------------------------+-------------+
; Estimate of Logic utilization (ALMs needed) ; 17          ;
;                                             ;             ;
; Combinational ALUT usage for logic          ; 19          ;
;     -- 7 input functions                    ; 0           ;
;     -- 6 input functions                    ; 0           ;
;     -- 5 input functions                    ; 3           ;
;     -- 4 input functions                    ; 2           ;
;     -- <=3 input functions                  ; 14          ;
;                                             ;             ;
; Dedicated logic registers                   ; 30          ;
;                                             ;             ;
; I/O pins                                    ; 38          ;
;                                             ;             ;
; Total DSP Blocks                            ; 0           ;
;                                             ;             ;
; Maximum fan-out node                        ; Clock~input ;
; Maximum fan-out                             ; 30          ;
; Total fan-out                               ; 250         ;
; Average fan-out                             ; 2.00        ;
+---------------------------------------------+-------------+


+-----------------------------------------------------------------------------------------------------------------------------------------------------------------------------------------------+
; Analysis & Synthesis Resource Utilization by Entity                                                                                                                                           ;
+----------------------------+---------------------+---------------------------+-------------------+------------+------+--------------+----------------------------+-------------+--------------+
; Compilation Hierarchy Node ; Combinational ALUTs ; Dedicated Logic Registers ; Block Memory Bits ; DSP Blocks ; Pins ; Virtual Pins ; Full Hierarchy Name        ; Entity Name ; Library Name ;
+----------------------------+---------------------+---------------------------+-------------------+------------+------+--------------+----------------------------+-------------+--------------+
; |divider                   ; 19 (14)             ; 30 (3)                    ; 0                 ; 0          ; 38   ; 0            ; |divider                   ; divider     ; work         ;
;    |downcount:Counter|     ; 2 (2)               ; 2 (2)                     ; 0                 ; 0          ; 0    ; 0            ; |divider|downcount:Counter ; downcount   ; work         ;
;    |muxdff:FF_R0|          ; 1 (1)               ; 1 (1)                     ; 0                 ; 0          ; 0    ; 0            ; |divider|muxdff:FF_R0      ; muxdff      ; work         ;
;    |regne:RegB|            ; 0 (0)               ; 8 (8)                     ; 0                 ; 0          ; 0    ; 0            ; |divider|regne:RegB        ; regne       ; work         ;
;    |shiftlne:ShiftA|       ; 1 (1)               ; 8 (8)                     ; 0                 ; 0          ; 0    ; 0            ; |divider|shiftlne:ShiftA   ; shiftlne    ; work         ;
;    |shiftlne:ShiftR|       ; 1 (1)               ; 8 (8)                     ; 0                 ; 0          ; 0    ; 0            ; |divider|shiftlne:ShiftR   ; shiftlne    ; work         ;
+----------------------------+---------------------+---------------------------+-------------------+------------+------+--------------+----------------------------+-------------+--------------+
Note: For table entries with two numbers listed, the numbers in parentheses indicate the number of resources of the given type used by the specific entity alone. The numbers listed outside of parentheses indicate the total resources of the given type used by the specific entity and all of its sub-entities in the hierarchy.


Encoding Type:  One-Hot
+----------------------------+
; State Machine - |divider|y ;
+------+------+------+-------+
; Name ; y.S1 ; y.S3 ; y.S2  ;
+------+------+------+-------+
; y.S1 ; 0    ; 0    ; 0     ;
; y.S2 ; 1    ; 0    ; 1     ;
; y.S3 ; 1    ; 1    ; 0     ;
+------+------+------+-------+


+--------------------------------------------------------------------------------+
; Registers Removed During Synthesis                                             ;
+---------------------------------------+----------------------------------------+
; Register name                         ; Reason for Removal                     ;
+---------------------------------------+----------------------------------------+
; downcount:Counter|Q[2]                ; Stuck at GND due to stuck port data_in ;
; Total Number of Removed Registers = 1 ;                                        ;
+---------------------------------------+----------------------------------------+


+------------------------------------------------------+
; General Register Statistics                          ;
+----------------------------------------------+-------+
; Statistic                                    ; Value ;
+----------------------------------------------+-------+
; Total registers                              ; 30    ;
; Number of registers using Synchronous Clear  ; 8     ;
; Number of registers using Synchronous Load   ; 16    ;
; Number of registers using Asynchronous Clear ; 11    ;
; Number of registers using Asynchronous Load  ; 0     ;
; Number of registers using Clock Enable       ; 24    ;
; Number of registers using Preset             ; 0     ;
+----------------------------------------------+-------+


+-----------------------------------------------------------------------------------------------------------------------------------------------+
; Multiplexer Restructuring Statistics (Restructuring Performed)                                                                                ;
+--------------------+-----------+---------------+----------------------+------------------------+------------+---------------------------------+
; Multiplexer Inputs ; Bus Width ; Baseline Area ; Area if Restructured ; Saving if Restructured ; Registered ; Example Multiplexer Output      ;
+--------------------+-----------+---------------+----------------------+------------------------+------------+---------------------------------+
; 3:1                ; 8 bits    ; 16 LEs        ; 0 LEs                ; 16 LEs                 ; Yes        ; |divider|shiftlne:ShiftA|Q[0]   ;
; 3:1                ; 2 bits    ; 4 LEs         ; 2 LEs                ; 2 LEs                  ; Yes        ; |divider|downcount:Counter|Q[1] ;
; 4:1                ; 8 bits    ; 16 LEs        ; 0 LEs                ; 16 LEs                 ; Yes        ; |divider|shiftlne:ShiftR|Q[0]   ;
+--------------------+-----------+---------------+----------------------+------------------------+------------+---------------------------------+


+-------------------------------------------------------------------------+
; Parameter Settings for User Entity Instance: Top-level Entity: |divider ;
+----------------+-------+------------------------------------------------+
; Parameter Name ; Value ; Type                                           ;
+----------------+-------+------------------------------------------------+
; n              ; 8     ; Signed Integer                                 ;
; logn           ; 3     ; Signed Integer                                 ;
; S1             ; 00    ; Unsigned Binary                                ;
; S2             ; 01    ; Unsigned Binary                                ;
; S3             ; 10    ; Unsigned Binary                                ;
+----------------+-------+------------------------------------------------+
Note: In order to hide this table in the UI and the text report file, please set the "Show Parameter Settings in Synthesis Report" option in "Analysis and Synthesis Settings -> More Settings" to "Off".


+---------------------------------------------------------+
; Parameter Settings for User Entity Instance: regne:RegB ;
+----------------+-------+--------------------------------+
; Parameter Name ; Value ; Type                           ;
+----------------+-------+--------------------------------+
; n              ; 8     ; Signed Integer                 ;
+----------------+-------+--------------------------------+
Note: In order to hide this table in the UI and the text report file, please set the "Show Parameter Settings in Synthesis Report" option in "Analysis and Synthesis Settings -> More Settings" to "Off".


+--------------------------------------------------------------+
; Parameter Settings for User Entity Instance: shiftlne:ShiftR ;
+----------------+-------+-------------------------------------+
; Parameter Name ; Value ; Type                                ;
+----------------+-------+-------------------------------------+
; n              ; 8     ; Signed Integer                      ;
+----------------+-------+-------------------------------------+
Note: In order to hide this table in the UI and the text report file, please set the "Show Parameter Settings in Synthesis Report" option in "Analysis and Synthesis Settings -> More Settings" to "Off".


+--------------------------------------------------------------+
; Parameter Settings for User Entity Instance: shiftlne:ShiftA ;
+----------------+-------+-------------------------------------+
; Parameter Name ; Value ; Type                                ;
+----------------+-------+-------------------------------------+
; n              ; 8     ; Signed Integer                      ;
+----------------+-------+-------------------------------------+
Note: In order to hide this table in the UI and the text report file, please set the "Show Parameter Settings in Synthesis Report" option in "Analysis and Synthesis Settings -> More Settings" to "Off".


+----------------------------------------------------------------+
; Parameter Settings for User Entity Instance: downcount:Counter ;
+----------------+-------+---------------------------------------+
; Parameter Name ; Value ; Type                                  ;
+----------------+-------+---------------------------------------+
; n              ; 3     ; Signed Integer                        ;
+----------------+-------+---------------------------------------+
Note: In order to hide this table in the UI and the text report file, please set the "Show Parameter Settings in Synthesis Report" option in "Analysis and Synthesis Settings -> More Settings" to "Off".


+-----------------------------------------------------------------------------------------------------------------------------------------------------------------------------------------------------------------+
; Port Connectivity Checks: "downcount:Counter"                                                                                                                                                                   ;
+---------+-------+----------+------------------------------------------------------------------------------------------------------------------------------------------------------------------------------------+
; Port    ; Type  ; Severity ; Details                                                                                                                                                                            ;
+---------+-------+----------+------------------------------------------------------------------------------------------------------------------------------------------------------------------------------------+
; R       ; Input ; Warning  ; Input port expression (32 bits) is wider than the input port (3 bits) it drives.  The 29 most-significant bit(s) in the expression will be dangling if they have no other fanouts. ;
; R[1..0] ; Input ; Info     ; Stuck at VCC                                                                                                                                                                       ;
; R[2]    ; Input ; Info     ; Stuck at GND                                                                                                                                                                       ;
+---------+-------+----------+------------------------------------------------------------------------------------------------------------------------------------------------------------------------------------+


+------------------------------------------+
; Port Connectivity Checks: "muxdff:FF_R0" ;
+------+-------+----------+----------------+
; Port ; Type  ; Severity ; Details        ;
+------+-------+----------+----------------+
; D0   ; Input ; Info     ; Stuck at GND   ;
+------+-------+----------+----------------+


+-----------------------------------------------------+
; Post-Synthesis Netlist Statistics for Top Partition ;
+-----------------------+-----------------------------+
; Type                  ; Count                       ;
+-----------------------+-----------------------------+
; arriav_ff             ; 30                          ;
;     CLR               ; 3                           ;
;     ENA CLR           ; 8                           ;
;     ENA SCLR SLD      ; 8                           ;
;     ENA SLD           ; 8                           ;
;     plain             ; 3                           ;
; arriav_lcell_comb     ; 19                          ;
;     normal            ; 10                          ;
;         2 data inputs ; 2                           ;
;         3 data inputs ; 3                           ;
;         4 data inputs ; 2                           ;
;         5 data inputs ; 3                           ;
;     shared            ; 9                           ;
;         0 data inputs ; 1                           ;
;         2 data inputs ; 8                           ;
; boundary_port         ; 38                          ;
;                       ;                             ;
; Max LUT depth         ; 2.80                        ;
; Average LUT depth     ; 1.35                        ;
+-----------------------+-----------------------------+


+-------------------------------+
; Elapsed Time Per Partition    ;
+----------------+--------------+
; Partition Name ; Elapsed Time ;
+----------------+--------------+
; Top            ; 00:00:00     ;
+----------------+--------------+


+-------------------------------+
; Analysis & Synthesis Messages ;
+-------------------------------+
Info: *******************************************************************
Info: Running Quartus Prime Analysis & Synthesis
    Info: Version 17.0.0 Build 595 04/25/2017 SJ Lite Edition
    Info: Processing started: Fri Nov 01 21:54:29 2019
Info: Command: quartus_map --read_settings_files=on --write_settings_files=off divider -c divider
Warning (18236): Number of processors has not been specified which may cause overloading on shared machines.  Set the global assignment NUM_PARALLEL_PROCESSORS in your QSF to an appropriate value for best performance.
Info (20030): Parallel compilation is enabled and will use 4 of the 4 processors detected
Info (12021): Found 1 design units, including 1 entities, in source file shiftlne.sv
    Info (12023): Found entity 1: shiftlne File: C:/Users/Jiarong Qian/Documents/Course Materials/au2019/EE 371/hw4/shiftlne.sv Line: 1
Info (12021): Found 1 design units, including 1 entities, in source file downcount.sv
    Info (12023): Found entity 1: downcount File: C:/Users/Jiarong Qian/Documents/Course Materials/au2019/EE 371/hw4/downcount.sv Line: 1
Info (12021): Found 1 design units, including 1 entities, in source file muxdff.sv
    Info (12023): Found entity 1: muxdff File: C:/Users/Jiarong Qian/Documents/Course Materials/au2019/EE 371/hw4/muxdff.sv Line: 1
Info (12021): Found 1 design units, including 1 entities, in source file regne.sv
    Info (12023): Found entity 1: regne File: C:/Users/Jiarong Qian/Documents/Course Materials/au2019/EE 371/hw4/regne.sv Line: 1
Info (12021): Found 2 design units, including 2 entities, in source file divider.sv
    Info (12023): Found entity 1: divider File: C:/Users/Jiarong Qian/Documents/Course Materials/au2019/EE 371/hw4/divider.sv Line: 1
    Info (12023): Found entity 2: divider_testbench File: C:/Users/Jiarong Qian/Documents/Course Materials/au2019/EE 371/hw4/divider.sv Line: 91
Info (12021): Found 2 design units, including 2 entities, in source file divider_modified.sv
    Info (12023): Found entity 1: divider_modified File: C:/Users/Jiarong Qian/Documents/Course Materials/au2019/EE 371/hw4/divider_modified.sv Line: 1
    Info (12023): Found entity 2: divider_modified_testbench File: C:/Users/Jiarong Qian/Documents/Course Materials/au2019/EE 371/hw4/divider_modified.sv Line: 65
Info (12021): Found 1 design units, including 1 entities, in source file shiftleft.sv
    Info (12023): Found entity 1: shiftLeft File: C:/Users/Jiarong Qian/Documents/Course Materials/au2019/EE 371/hw4/shiftLeft.sv Line: 1
Info (12127): Elaborating entity "divider" for the top level hierarchy
Warning (10230): Verilog HDL assignment warning at divider.sv(83): truncated value with size 32 to match size of target (9) File: C:/Users/Jiarong Qian/Documents/Course Materials/au2019/EE 371/hw4/divider.sv Line: 83
Warning (10230): Verilog HDL assignment warning at divider.sv(87): truncated value with size 32 to match size of target (8) File: C:/Users/Jiarong Qian/Documents/Course Materials/au2019/EE 371/hw4/divider.sv Line: 87
Info (12128): Elaborating entity "regne" for hierarchy "regne:RegB" File: C:/Users/Jiarong Qian/Documents/Course Materials/au2019/EE 371/hw4/divider.sv Line: 71
Info (12128): Elaborating entity "shiftlne" for hierarchy "shiftlne:ShiftR" File: C:/Users/Jiarong Qian/Documents/Course Materials/au2019/EE 371/hw4/divider.sv Line: 73
Info (12128): Elaborating entity "muxdff" for hierarchy "muxdff:FF_R0" File: C:/Users/Jiarong Qian/Documents/Course Materials/au2019/EE 371/hw4/divider.sv Line: 75
Info (12128): Elaborating entity "downcount" for hierarchy "downcount:Counter" File: C:/Users/Jiarong Qian/Documents/Course Materials/au2019/EE 371/hw4/divider.sv Line: 79
Warning (10230): Verilog HDL assignment warning at downcount.sv(11): truncated value with size 32 to match size of target (3) File: C:/Users/Jiarong Qian/Documents/Course Materials/au2019/EE 371/hw4/downcount.sv Line: 11
Warning (12241): 1 hierarchies have connectivity warnings - see the Connectivity Checks report folder
Info (286030): Timing-Driven Synthesis is running
Info (144001): Generated suppressed messages file C:/Users/Jiarong Qian/Documents/Course Materials/au2019/EE 371/hw4/output_files/divider.map.smsg
Info (16010): Generating hard_block partition "hard_block:auto_generated_inst"
    Info (16011): Adding 0 node(s), including 0 DDIO, 0 PLL, 0 transceiver and 0 LCELL
Info (21057): Implemented 73 device resources after synthesis - the final resource count might be different
    Info (21058): Implemented 21 input pins
    Info (21059): Implemented 17 output pins
    Info (21061): Implemented 35 logic cells
Info: Quartus Prime Analysis & Synthesis was successful. 0 errors, 5 warnings
    Info: Peak virtual memory: 4831 megabytes
    Info: Processing ended: Fri Nov 01 21:54:39 2019
    Info: Elapsed time: 00:00:10
    Info: Total CPU time (on all processors): 00:00:21


+------------------------------------------+
; Analysis & Synthesis Suppressed Messages ;
+------------------------------------------+
The suppressed messages can be found in C:/Users/Jiarong Qian/Documents/Course Materials/au2019/EE 371/hw4/output_files/divider.map.smsg.


